2024-08-06T13:52:28.593608-0500 INFO Este es un mensaje informativo
2024-08-06T13:54:27.017946-0500 INFO Este es un mensaje informativo
2024-08-06T13:54:27.031676-0500 SUCCESS Este es un mensaje de éxito
2024-08-06T13:54:27.033677-0500 WARNING Este es un mensaje de advertencia
2024-08-06T13:54:27.034677-0500 ERROR Este es un mensaje de error
2024-08-06T13:54:27.035677-0500 CRITICAL Este es un mensaje crítico
2024-08-06T13:54:27.036677-0500 INFO Este mensaje incluye una variable: Carlo
2024-08-06T13:54:27.037677-0500 INFO Este es un mensaje informativo
2024-08-06T15:06:46.057793-0500 INFO Lectura del archivo por: Carlo
2024-08-06T15:07:42.799478-0500 INFO Lectura del archivo por: Carlo
2024-08-06T15:09:25.515775-0500 INFO Lectura del archivo por: Carlo
2024-08-06T15:10:11.571738-0500 INFO Lectura del archivo por: Carlo
2024-08-06T15:17:29.681553-0500 INFO xH2
2024-08-06T15:17:29.682554-0500 INFO nH2
2024-08-06T15:17:29.683555-0500 INFO data_file[xH2]
2024-08-06T15:17:29.684555-0500 INFO data_file[nH2]
2024-08-06T15:17:33.331533-0500 INFO xH
2024-08-06T15:17:33.332581-0500 INFO nH
2024-08-06T15:17:33.333994-0500 INFO data_file[xH]
2024-08-06T15:17:33.335065-0500 INFO data_file[nH]
2024-08-06T15:22:57.291443-0500 INFO Lectura del archivo por: Carlo
2024-08-06T23:39:17.071451-0500 INFO Lectura del archivo por: Carlo
2024-08-07T17:32:43.634771-0500 INFO time_nh = 2
2024-08-07T17:32:43.635777-0500 INFO Las interpolaciones fueron creadas
2024-08-07T17:32:43.637289-0500 INFO Variables refinadas
2024-08-07T17:32:55.326367-0500 INFO time_nh = 2
2024-08-07T17:32:55.327545-0500 INFO Las interpolaciones fueron creadas
2024-08-07T17:32:55.328649-0500 INFO Variables refinadas
2024-08-07T17:34:21.925851-0500 INFO Completed in 86.5865592956543 seconds
2024-08-07T17:34:29.459283-0500 INFO time_nh = 3
2024-08-07T17:34:29.461289-0500 INFO Las interpolaciones fueron creadas
2024-08-07T17:34:29.462289-0500 INFO Variables refinadas
2024-08-07T17:35:49.118603-0500 INFO Completed in 79.6479914188385 seconds
2024-08-07T17:36:36.141443-0500 INFO time_nh = 2
2024-08-07T17:36:36.142487-0500 INFO Las interpolaciones fueron creadas
2024-08-07T17:36:36.143505-0500 INFO Variables refinadas
2024-08-07T17:36:36.143505-0500 INFO len(xh2)= 130
2024-08-07T17:37:58.860694-0500 INFO len(xH2)_KN1D= 13
2024-08-07T17:37:58.871651-0500 INFO Completed in 82.71617126464844 seconds
2024-08-07T17:38:02.555715-0500 INFO time_nh = 3
2024-08-07T17:38:02.558576-0500 INFO Las interpolaciones fueron creadas
2024-08-07T17:38:02.559585-0500 INFO Variables refinadas
2024-08-07T17:38:02.560592-0500 INFO len(xh2)= 195
2024-08-07T17:39:22.774030-0500 INFO len(xH2)_KN1D= 13
2024-08-07T17:39:22.784156-0500 INFO Completed in 80.21343731880188 seconds
2024-08-07T17:39:51.978920-0500 INFO time_nh = 2
2024-08-07T17:39:51.979931-0500 INFO Las interpolaciones fueron creadas
2024-08-07T17:39:51.979931-0500 INFO Variables refinadas
2024-08-07T17:39:51.981419-0500 INFO len(xh2)= 130
2024-08-07T17:40:36.488025-0500 INFO time_nh = 2
2024-08-07T17:40:36.489558-0500 INFO Las interpolaciones fueron creadas
2024-08-07T17:40:36.490564-0500 INFO Variables refinadas
2024-08-07T17:40:36.490564-0500 INFO len(xh2)= 130
2024-08-07T17:47:03.643515-0500 INFO len(xH2)_KN1D= 10
2024-08-07T17:47:03.657546-0500 INFO Completed in 387.15396094322205 seconds
2024-08-07T17:47:07.626309-0500 INFO time_nh = 3
2024-08-07T17:47:07.627822-0500 INFO Las interpolaciones fueron creadas
2024-08-07T17:47:07.628831-0500 INFO Variables refinadas
2024-08-07T17:47:07.629860-0500 INFO len(xh2)= 195
2024-08-07T17:47:52.735274-0500 INFO len(xH2)_KN1D= 10
2024-08-07T17:47:52.745928-0500 INFO Completed in 45.106407165527344 seconds
2024-08-07T17:49:31.372319-0500 INFO time_nh = 4
2024-08-07T17:49:31.373824-0500 INFO Las interpolaciones fueron creadas
2024-08-07T17:49:31.374953-0500 INFO Variables refinadas
2024-08-07T17:49:31.375958-0500 INFO len(xh2)= 260
2024-08-07T17:50:12.967776-0500 INFO len(xH2)_KN1D= 10
2024-08-07T17:50:12.977902-0500 INFO Completed in 41.59181833267212 seconds
2024-08-07T17:50:20.113388-0500 INFO time_nh = 5
2024-08-07T17:50:20.114424-0500 INFO Las interpolaciones fueron creadas
2024-08-07T17:50:20.116426-0500 INFO Variables refinadas
2024-08-07T17:50:20.116426-0500 INFO len(xh2)= 325
2024-08-07T17:51:01.543892-0500 INFO len(xH2)_KN1D= 10
2024-08-07T17:51:01.553760-0500 INFO Completed in 41.42746710777283 seconds
2024-08-07T17:51:10.753996-0500 INFO time_nh = 6
2024-08-07T17:51:10.753996-0500 INFO Las interpolaciones fueron creadas
2024-08-07T17:51:10.755058-0500 INFO Variables refinadas
2024-08-07T17:51:10.756153-0500 INFO len(xh2)= 390
2024-08-07T17:51:54.052752-0500 INFO len(xH2)_KN1D= 10
2024-08-07T17:51:54.062458-0500 INFO Completed in 43.29758334159851 seconds
2024-08-07T17:52:28.552599-0500 INFO time_nh = 7
2024-08-07T17:52:28.553625-0500 INFO Las interpolaciones fueron creadas
2024-08-07T17:52:28.554701-0500 INFO Variables refinadas
2024-08-07T17:52:28.555786-0500 INFO len(xh2)= 455
2024-08-07T17:53:10.165619-0500 INFO len(xH2)_KN1D= 10
2024-08-07T17:53:10.176663-0500 INFO Completed in 41.609835386276245 seconds
2024-08-07T17:53:19.641759-0500 INFO time_nh = 8
2024-08-07T17:53:19.642790-0500 INFO Las interpolaciones fueron creadas
2024-08-07T17:53:19.644096-0500 INFO Variables refinadas
2024-08-07T17:53:19.645175-0500 INFO len(xh2)= 520
2024-08-07T17:54:01.094898-0500 INFO len(xH2)_KN1D= 10
2024-08-07T17:54:01.109951-0500 INFO Completed in 41.44968223571777 seconds
2024-08-07T17:54:38.841018-0500 INFO time_nh = 9
2024-08-07T17:54:38.842018-0500 INFO Las interpolaciones fueron creadas
2024-08-07T17:54:38.843018-0500 INFO Variables refinadas
2024-08-07T17:54:38.844019-0500 INFO len(xh2)= 585
2024-08-07T17:55:21.660180-0500 INFO len(xH2)_KN1D= 10
2024-08-07T17:55:21.670079-0500 INFO Completed in 42.81616163253784 seconds
2024-08-07T17:55:26.005240-0500 INFO time_nh = 10
2024-08-07T17:55:26.006245-0500 INFO Las interpolaciones fueron creadas
2024-08-07T17:55:26.007751-0500 INFO Variables refinadas
2024-08-07T17:55:26.008835-0500 INFO len(xh2)= 650
2024-08-07T17:56:08.088178-0500 INFO len(xH2)_KN1D= 10
2024-08-07T17:56:08.099751-0500 INFO Completed in 42.07934355735779 seconds
2024-08-07T17:56:11.558802-0500 INFO time_nh = 11
2024-08-07T17:56:11.559880-0500 INFO Las interpolaciones fueron creadas
2024-08-07T17:56:11.562042-0500 INFO Variables refinadas
2024-08-07T17:56:11.562042-0500 INFO len(xh2)= 715
2024-08-07T17:56:53.767506-0500 INFO len(xH2)_KN1D= 10
2024-08-07T17:56:53.777533-0500 INFO Completed in 42.20464873313904 seconds
2024-08-07T17:56:56.992112-0500 INFO time_nh = 12
2024-08-07T17:56:56.992112-0500 INFO Las interpolaciones fueron creadas
2024-08-07T17:56:56.994528-0500 INFO Variables refinadas
2024-08-07T17:56:56.995527-0500 INFO len(xh2)= 780
2024-08-07T17:57:39.182997-0500 INFO len(xH2)_KN1D= 10
2024-08-07T17:57:39.195130-0500 INFO Completed in 42.18846917152405 seconds
